09-May-2024 18:28:10.609 INFO [main] org.apache.catalina.startup.VersionLoggerListener.log Server version name:   Apache Tomcat/9.0.89
09-May-2024 18:28:10.615 INFO [main] org.apache.catalina.startup.VersionLoggerListener.log Server built:          May 3 2024 20:22:11 UTC
09-May-2024 18:28:10.615 INFO [main] org.apache.catalina.startup.VersionLoggerListener.log Server version number: 9.0.89.0
09-May-2024 18:28:10.615 INFO [main] org.apache.catalina.startup.VersionLoggerListener.log OS Name:               Windows 10
09-May-2024 18:28:10.615 INFO [main] org.apache.catalina.startup.VersionLoggerListener.log OS Version:            10.0
09-May-2024 18:28:10.616 INFO [main] org.apache.catalina.startup.VersionLoggerListener.log Architecture:          amd64
09-May-2024 18:28:10.617 INFO [main] org.apache.catalina.startup.VersionLoggerListener.log Java Home:             C:\Program Files\Java\jdk-22
09-May-2024 18:28:10.617 INFO [main] org.apache.catalina.startup.VersionLoggerListener.log JVM Version:           22.0.1+8-16
09-May-2024 18:28:10.617 INFO [main] org.apache.catalina.startup.VersionLoggerListener.log JVM Vendor:            Oracle Corporation
09-May-2024 18:28:10.617 INFO [main] org.apache.catalina.startup.VersionLoggerListener.log CATALINA_BASE:         C:\Users\ASUS\IdeaProjects\HtmlAndDb
09-May-2024 18:28:10.617 INFO [main] org.apache.catalina.startup.VersionLoggerListener.log CATALINA_HOME:         C:\Users\ASUS\Downloads\apache-tomcat-9.0.89
09-May-2024 18:28:10.627 INFO [main] org.apache.catalina.startup.VersionLoggerListener.log Command line argument: --add-opens=java.base/java.lang=ALL-UNNAMED
09-May-2024 18:28:10.628 INFO [main] org.apache.catalina.startup.VersionLoggerListener.log Command line argument: --add-opens=java.base/java.io=ALL-UNNAMED
09-May-2024 18:28:10.628 INFO [main] org.apache.catalina.startup.VersionLoggerListener.log Command line argument: --add-opens=java.base/java.util=ALL-UNNAMED
09-May-2024 18:28:10.628 INFO [main] org.apache.catalina.startup.VersionLoggerListener.log Command line argument: --add-opens=java.base/java.util.concurrent=ALL-UNNAMED
09-May-2024 18:28:10.628 INFO [main] org.apache.catalina.startup.VersionLoggerListener.log Command line argument: --add-opens=java.rmi/sun.rmi.transport=ALL-UNNAMED
09-May-2024 18:28:10.628 INFO [main] org.apache.catalina.startup.VersionLoggerListener.log Command line argument: -Dcatalina.home=C:\Users\ASUS\Downloads\apache-tomcat-9.0.89
09-May-2024 18:28:10.628 INFO [main] org.apache.catalina.startup.VersionLoggerListener.log Command line argument: -Dcatalina.base=C:\Users\ASUS\IdeaProjects\HtmlAndDb
09-May-2024 18:28:10.629 INFO [main] org.apache.catalina.startup.VersionLoggerListener.log Command line argument: -Djava.io.tmpdir=C:\Users\ASUS\IdeaProjects\HtmlAndDb\temp
09-May-2024 18:28:10.629 INFO [main] org.apache.catalina.startup.VersionLoggerListener.log Command line argument: -Djava.util.logging.config.file=C:\Users\ASUS\IdeaProjects\HtmlAndDb\conf\logging.properties
09-May-2024 18:28:10.629 INFO [main] org.apache.catalina.startup.VersionLoggerListener.log Command line argument: -Djava.util.logging.manager=org.apache.juli.ClassLoaderLogManager
09-May-2024 18:28:10.629 INFO [main] org.apache.catalina.startup.VersionLoggerListener.log Command line argument: -javaagent:C:\Program Files\JetBrains\IntelliJ IDEA Community Edition 2024.1.1\lib\idea_rt.jar=60472:C:\Program Files\JetBrains\IntelliJ IDEA Community Edition 2024.1.1\bin
09-May-2024 18:28:10.629 INFO [main] org.apache.catalina.startup.VersionLoggerListener.log Command line argument: -Dfile.encoding=UTF-8
09-May-2024 18:28:10.629 INFO [main] org.apache.catalina.startup.VersionLoggerListener.log Command line argument: -Dsun.stdout.encoding=UTF-8
09-May-2024 18:28:10.629 INFO [main] org.apache.catalina.startup.VersionLoggerListener.log Command line argument: -Dsun.stderr.encoding=UTF-8
09-May-2024 18:28:10.638 INFO [main] org.apache.catalina.core.AprLifecycleListener.lifecycleEvent Loaded Apache Tomcat Native library [1.3.0] using APR version [1.7.4].
09-May-2024 18:28:10.638 INFO [main] org.apache.catalina.core.AprLifecycleListener.lifecycleEvent APR capabilities: IPv6 [true], sendfile [true], accept filters [false], random [true], UDS [true].
09-May-2024 18:28:10.638 INFO [main] org.apache.catalina.core.AprLifecycleListener.lifecycleEvent APR/OpenSSL configuration: useAprConnector [false], useOpenSSL [true]
09-May-2024 18:28:10.662 INFO [main] org.apache.catalina.core.AprLifecycleListener.initializeSSL OpenSSL successfully initialized [OpenSSL 3.0.13 30 Jan 2024]
09-May-2024 18:28:11.501 INFO [main] org.apache.coyote.AbstractProtocol.init Initializing ProtocolHandler ["http-nio-8080"]
09-May-2024 18:28:11.553 INFO [main] org.apache.catalina.startup.Catalina.load Server initialization in [1324] milliseconds
09-May-2024 18:28:11.620 INFO [main] org.apache.catalina.core.StandardService.startInternal Starting service [Catalina]
09-May-2024 18:28:11.620 INFO [main] org.apache.catalina.core.StandardEngine.startInternal Starting Servlet engine: [Apache Tomcat/9.0.89]
09-May-2024 18:28:11.634 INFO [main] org.apache.catalina.startup.HostConfig.deployDescriptor Deploying deployment descriptor [C:\Users\ASUS\IdeaProjects\HtmlAndDb\conf\Catalina\localhost\HtmlAndDb.xml]
09-May-2024 18:28:12.974 INFO [main] org.apache.jasper.servlet.TldScanner.scanJars At least one JAR was scanned for TLDs yet contained no TLDs. Enable debug logging for this logger for a complete list of JARs that were scanned but no TLDs were found in them. Skipping unneeded JARs during scanning can improve startup time and JSP compilation time.
09-May-2024 18:28:13.037 INFO [main] org.apache.catalina.startup.HostConfig.deployDescriptor Deployment of deployment descriptor [C:\Users\ASUS\IdeaProjects\HtmlAndDb\conf\Catalina\localhost\HtmlAndDb.xml] has finished in [1,403] ms
09-May-2024 18:28:13.042 INFO [main] org.apache.coyote.AbstractProtocol.start Starting ProtocolHandler ["http-nio-8080"]
09-May-2024 18:28:13.069 INFO [main] org.apache.catalina.startup.Catalina.start Server startup in [1515] milliseconds
09-May-2024 18:30:14.862 INFO [Thread-1] org.apache.coyote.AbstractProtocol.pause Pausing ProtocolHandler ["http-nio-8080"]
09-May-2024 18:30:14.864 INFO [Thread-1] org.apache.catalina.core.StandardService.stopInternal Stopping service [Catalina]
09-May-2024 18:30:14.874 INFO [Thread-1] org.apache.coyote.AbstractProtocol.stop Stopping ProtocolHandler ["http-nio-8080"]
09-May-2024 18:30:14.878 INFO [Thread-1] org.apache.coyote.AbstractProtocol.destroy Destroying ProtocolHandler ["http-nio-8080"]
09-May-2024 18:30:19.312 INFO [main] org.apache.catalina.startup.VersionLoggerListener.log Server version name:   Apache Tomcat/9.0.89
09-May-2024 18:30:19.317 INFO [main] org.apache.catalina.startup.VersionLoggerListener.log Server built:          May 3 2024 20:22:11 UTC
09-May-2024 18:30:19.317 INFO [main] org.apache.catalina.startup.VersionLoggerListener.log Server version number: 9.0.89.0
09-May-2024 18:30:19.317 INFO [main] org.apache.catalina.startup.VersionLoggerListener.log OS Name:               Windows 10
09-May-2024 18:30:19.318 INFO [main] org.apache.catalina.startup.VersionLoggerListener.log OS Version:            10.0
09-May-2024 18:30:19.318 INFO [main] org.apache.catalina.startup.VersionLoggerListener.log Architecture:          amd64
09-May-2024 18:30:19.318 INFO [main] org.apache.catalina.startup.VersionLoggerListener.log Java Home:             C:\Program Files\Java\jdk-22
09-May-2024 18:30:19.318 INFO [main] org.apache.catalina.startup.VersionLoggerListener.log JVM Version:           22.0.1+8-16
09-May-2024 18:30:19.318 INFO [main] org.apache.catalina.startup.VersionLoggerListener.log JVM Vendor:            Oracle Corporation
09-May-2024 18:30:19.318 INFO [main] org.apache.catalina.startup.VersionLoggerListener.log CATALINA_BASE:         C:\Users\ASUS\IdeaProjects\HtmlAndDb
09-May-2024 18:30:19.318 INFO [main] org.apache.catalina.startup.VersionLoggerListener.log CATALINA_HOME:         C:\Users\ASUS\Downloads\apache-tomcat-9.0.89
09-May-2024 18:30:19.328 INFO [main] org.apache.catalina.startup.VersionLoggerListener.log Command line argument: --add-opens=java.base/java.lang=ALL-UNNAMED
09-May-2024 18:30:19.329 INFO [main] org.apache.catalina.startup.VersionLoggerListener.log Command line argument: --add-opens=java.base/java.io=ALL-UNNAMED
09-May-2024 18:30:19.329 INFO [main] org.apache.catalina.startup.VersionLoggerListener.log Command line argument: --add-opens=java.base/java.util=ALL-UNNAMED
09-May-2024 18:30:19.329 INFO [main] org.apache.catalina.startup.VersionLoggerListener.log Command line argument: --add-opens=java.base/java.util.concurrent=ALL-UNNAMED
09-May-2024 18:30:19.329 INFO [main] org.apache.catalina.startup.VersionLoggerListener.log Command line argument: --add-opens=java.rmi/sun.rmi.transport=ALL-UNNAMED
09-May-2024 18:30:19.329 INFO [main] org.apache.catalina.startup.VersionLoggerListener.log Command line argument: -Dcatalina.home=C:\Users\ASUS\Downloads\apache-tomcat-9.0.89
09-May-2024 18:30:19.329 INFO [main] org.apache.catalina.startup.VersionLoggerListener.log Command line argument: -Dcatalina.base=C:\Users\ASUS\IdeaProjects\HtmlAndDb
09-May-2024 18:30:19.329 INFO [main] org.apache.catalina.startup.VersionLoggerListener.log Command line argument: -Djava.io.tmpdir=C:\Users\ASUS\IdeaProjects\HtmlAndDb\temp
09-May-2024 18:30:19.330 INFO [main] org.apache.catalina.startup.VersionLoggerListener.log Command line argument: -Djava.util.logging.config.file=C:\Users\ASUS\IdeaProjects\HtmlAndDb\conf\logging.properties
09-May-2024 18:30:19.330 INFO [main] org.apache.catalina.startup.VersionLoggerListener.log Command line argument: -Djava.util.logging.manager=org.apache.juli.ClassLoaderLogManager
09-May-2024 18:30:19.330 INFO [main] org.apache.catalina.startup.VersionLoggerListener.log Command line argument: -javaagent:C:\Program Files\JetBrains\IntelliJ IDEA Community Edition 2024.1.1\lib\idea_rt.jar=60498:C:\Program Files\JetBrains\IntelliJ IDEA Community Edition 2024.1.1\bin
09-May-2024 18:30:19.330 INFO [main] org.apache.catalina.startup.VersionLoggerListener.log Command line argument: -Dfile.encoding=UTF-8
09-May-2024 18:30:19.330 INFO [main] org.apache.catalina.startup.VersionLoggerListener.log Command line argument: -Dsun.stdout.encoding=UTF-8
09-May-2024 18:30:19.330 INFO [main] org.apache.catalina.startup.VersionLoggerListener.log Command line argument: -Dsun.stderr.encoding=UTF-8
09-May-2024 18:30:19.334 INFO [main] org.apache.catalina.core.AprLifecycleListener.lifecycleEvent Loaded Apache Tomcat Native library [1.3.0] using APR version [1.7.4].
09-May-2024 18:30:19.335 INFO [main] org.apache.catalina.core.AprLifecycleListener.lifecycleEvent APR capabilities: IPv6 [true], sendfile [true], accept filters [false], random [true], UDS [true].
09-May-2024 18:30:19.335 INFO [main] org.apache.catalina.core.AprLifecycleListener.lifecycleEvent APR/OpenSSL configuration: useAprConnector [false], useOpenSSL [true]
09-May-2024 18:30:19.342 INFO [main] org.apache.catalina.core.AprLifecycleListener.initializeSSL OpenSSL successfully initialized [OpenSSL 3.0.13 30 Jan 2024]
09-May-2024 18:30:19.931 INFO [main] org.apache.coyote.AbstractProtocol.init Initializing ProtocolHandler ["http-nio-8080"]
09-May-2024 18:30:19.961 INFO [main] org.apache.catalina.startup.Catalina.load Server initialization in [942] milliseconds
09-May-2024 18:30:20.019 INFO [main] org.apache.catalina.core.StandardService.startInternal Starting service [Catalina]
09-May-2024 18:30:20.019 INFO [main] org.apache.catalina.core.StandardEngine.startInternal Starting Servlet engine: [Apache Tomcat/9.0.89]
09-May-2024 18:30:20.029 INFO [main] org.apache.catalina.startup.HostConfig.deployDescriptor Deploying deployment descriptor [C:\Users\ASUS\IdeaProjects\HtmlAndDb\conf\Catalina\localhost\HtmlAndDb.xml]
09-May-2024 18:30:21.184 INFO [main] org.apache.jasper.servlet.TldScanner.scanJars At least one JAR was scanned for TLDs yet contained no TLDs. Enable debug logging for this logger for a complete list of JARs that were scanned but no TLDs were found in them. Skipping unneeded JARs during scanning can improve startup time and JSP compilation time.
09-May-2024 18:30:21.248 INFO [main] org.apache.catalina.startup.HostConfig.deployDescriptor Deployment of deployment descriptor [C:\Users\ASUS\IdeaProjects\HtmlAndDb\conf\Catalina\localhost\HtmlAndDb.xml] has finished in [1,219] ms
09-May-2024 18:30:21.253 INFO [main] org.apache.coyote.AbstractProtocol.start Starting ProtocolHandler ["http-nio-8080"]
09-May-2024 18:30:21.278 INFO [main] org.apache.catalina.startup.Catalina.start Server startup in [1314] milliseconds
09-May-2024 18:38:38.914 INFO [Thread-1] org.apache.coyote.AbstractProtocol.pause Pausing ProtocolHandler ["http-nio-8080"]
09-May-2024 18:38:38.917 INFO [Thread-1] org.apache.catalina.core.StandardService.stopInternal Stopping service [Catalina]
09-May-2024 18:38:38.930 INFO [Thread-1] org.apache.coyote.AbstractProtocol.stop Stopping ProtocolHandler ["http-nio-8080"]
09-May-2024 18:38:38.942 INFO [Thread-1] org.apache.coyote.AbstractProtocol.destroy Destroying ProtocolHandler ["http-nio-8080"]
09-May-2024 18:41:05.848 INFO [main] org.apache.catalina.startup.VersionLoggerListener.log Server version name:   Apache Tomcat/9.0.89
09-May-2024 18:41:05.854 INFO [main] org.apache.catalina.startup.VersionLoggerListener.log Server built:          May 3 2024 20:22:11 UTC
09-May-2024 18:41:05.854 INFO [main] org.apache.catalina.startup.VersionLoggerListener.log Server version number: 9.0.89.0
09-May-2024 18:41:05.854 INFO [main] org.apache.catalina.startup.VersionLoggerListener.log OS Name:               Windows 10
09-May-2024 18:41:05.854 INFO [main] org.apache.catalina.startup.VersionLoggerListener.log OS Version:            10.0
09-May-2024 18:41:05.854 INFO [main] org.apache.catalina.startup.VersionLoggerListener.log Architecture:          amd64
09-May-2024 18:41:05.854 INFO [main] org.apache.catalina.startup.VersionLoggerListener.log Java Home:             C:\Program Files\Java\jdk-22
09-May-2024 18:41:05.854 INFO [main] org.apache.catalina.startup.VersionLoggerListener.log JVM Version:           22.0.1+8-16
09-May-2024 18:41:05.854 INFO [main] org.apache.catalina.startup.VersionLoggerListener.log JVM Vendor:            Oracle Corporation
09-May-2024 18:41:05.854 INFO [main] org.apache.catalina.startup.VersionLoggerListener.log CATALINA_BASE:         C:\Users\ASUS\IdeaProjects\HtmlAndDb
09-May-2024 18:41:05.854 INFO [main] org.apache.catalina.startup.VersionLoggerListener.log CATALINA_HOME:         C:\Users\ASUS\Downloads\apache-tomcat-9.0.89
09-May-2024 18:41:05.865 INFO [main] org.apache.catalina.startup.VersionLoggerListener.log Command line argument: --add-opens=java.base/java.lang=ALL-UNNAMED
09-May-2024 18:41:05.865 INFO [main] org.apache.catalina.startup.VersionLoggerListener.log Command line argument: --add-opens=java.base/java.io=ALL-UNNAMED
09-May-2024 18:41:05.865 INFO [main] org.apache.catalina.startup.VersionLoggerListener.log Command line argument: --add-opens=java.base/java.util=ALL-UNNAMED
09-May-2024 18:41:05.865 INFO [main] org.apache.catalina.startup.VersionLoggerListener.log Command line argument: --add-opens=java.base/java.util.concurrent=ALL-UNNAMED
09-May-2024 18:41:05.865 INFO [main] org.apache.catalina.startup.VersionLoggerListener.log Command line argument: --add-opens=java.rmi/sun.rmi.transport=ALL-UNNAMED
09-May-2024 18:41:05.865 INFO [main] org.apache.catalina.startup.VersionLoggerListener.log Command line argument: -Dcatalina.home=C:\Users\ASUS\Downloads\apache-tomcat-9.0.89
09-May-2024 18:41:05.866 INFO [main] org.apache.catalina.startup.VersionLoggerListener.log Command line argument: -Dcatalina.base=C:\Users\ASUS\IdeaProjects\HtmlAndDb
09-May-2024 18:41:05.869 INFO [main] org.apache.catalina.startup.VersionLoggerListener.log Command line argument: -Djava.io.tmpdir=C:\Users\ASUS\IdeaProjects\HtmlAndDb\temp
09-May-2024 18:41:05.869 INFO [main] org.apache.catalina.startup.VersionLoggerListener.log Command line argument: -Djava.util.logging.config.file=C:\Users\ASUS\IdeaProjects\HtmlAndDb\conf\logging.properties
09-May-2024 18:41:05.869 INFO [main] org.apache.catalina.startup.VersionLoggerListener.log Command line argument: -Djava.util.logging.manager=org.apache.juli.ClassLoaderLogManager
09-May-2024 18:41:05.869 INFO [main] org.apache.catalina.startup.VersionLoggerListener.log Command line argument: -javaagent:C:\Program Files\JetBrains\IntelliJ IDEA Community Edition 2024.1.1\lib\idea_rt.jar=60560:C:\Program Files\JetBrains\IntelliJ IDEA Community Edition 2024.1.1\bin
09-May-2024 18:41:05.871 INFO [main] org.apache.catalina.startup.VersionLoggerListener.log Command line argument: -Dfile.encoding=UTF-8
09-May-2024 18:41:05.871 INFO [main] org.apache.catalina.startup.VersionLoggerListener.log Command line argument: -Dsun.stdout.encoding=UTF-8
09-May-2024 18:41:05.871 INFO [main] org.apache.catalina.startup.VersionLoggerListener.log Command line argument: -Dsun.stderr.encoding=UTF-8
09-May-2024 18:41:05.875 INFO [main] org.apache.catalina.core.AprLifecycleListener.lifecycleEvent Loaded Apache Tomcat Native library [1.3.0] using APR version [1.7.4].
09-May-2024 18:41:05.875 INFO [main] org.apache.catalina.core.AprLifecycleListener.lifecycleEvent APR capabilities: IPv6 [true], sendfile [true], accept filters [false], random [true], UDS [true].
09-May-2024 18:41:05.875 INFO [main] org.apache.catalina.core.AprLifecycleListener.lifecycleEvent APR/OpenSSL configuration: useAprConnector [false], useOpenSSL [true]
09-May-2024 18:41:05.883 INFO [main] org.apache.catalina.core.AprLifecycleListener.initializeSSL OpenSSL successfully initialized [OpenSSL 3.0.13 30 Jan 2024]
09-May-2024 18:41:06.463 INFO [main] org.apache.coyote.AbstractProtocol.init Initializing ProtocolHandler ["http-nio-8080"]
09-May-2024 18:41:06.488 INFO [main] org.apache.catalina.startup.Catalina.load Server initialization in [987] milliseconds
09-May-2024 18:41:06.548 INFO [main] org.apache.catalina.core.StandardService.startInternal Starting service [Catalina]
09-May-2024 18:41:06.548 INFO [main] org.apache.catalina.core.StandardEngine.startInternal Starting Servlet engine: [Apache Tomcat/9.0.89]
09-May-2024 18:41:06.562 INFO [main] org.apache.catalina.startup.HostConfig.deployDescriptor Deploying deployment descriptor [C:\Users\ASUS\IdeaProjects\HtmlAndDb\conf\Catalina\localhost\HtmlAndDb.xml]
09-May-2024 18:41:07.638 INFO [main] org.apache.jasper.servlet.TldScanner.scanJars At least one JAR was scanned for TLDs yet contained no TLDs. Enable debug logging for this logger for a complete list of JARs that were scanned but no TLDs were found in them. Skipping unneeded JARs during scanning can improve startup time and JSP compilation time.
09-May-2024 18:41:07.696 INFO [main] org.apache.catalina.startup.HostConfig.deployDescriptor Deployment of deployment descriptor [C:\Users\ASUS\IdeaProjects\HtmlAndDb\conf\Catalina\localhost\HtmlAndDb.xml] has finished in [1,134] ms
09-May-2024 18:41:07.701 INFO [main] org.apache.coyote.AbstractProtocol.start Starting ProtocolHandler ["http-nio-8080"]
09-May-2024 18:41:07.727 INFO [main] org.apache.catalina.startup.Catalina.start Server startup in [1237] milliseconds
09-May-2024 18:41:33.795 INFO [Thread-1] org.apache.coyote.AbstractProtocol.pause Pausing ProtocolHandler ["http-nio-8080"]
09-May-2024 18:41:33.798 INFO [Thread-1] org.apache.catalina.core.StandardService.stopInternal Stopping service [Catalina]
09-May-2024 18:41:33.807 INFO [Thread-1] org.apache.coyote.AbstractProtocol.stop Stopping ProtocolHandler ["http-nio-8080"]
09-May-2024 18:41:33.810 INFO [Thread-1] org.apache.coyote.AbstractProtocol.destroy Destroying ProtocolHandler ["http-nio-8080"]
09-May-2024 19:01:55.274 INFO [main] org.apache.catalina.startup.VersionLoggerListener.log Server version name:   Apache Tomcat/9.0.89
09-May-2024 19:01:55.279 INFO [main] org.apache.catalina.startup.VersionLoggerListener.log Server built:          May 3 2024 20:22:11 UTC
09-May-2024 19:01:55.279 INFO [main] org.apache.catalina.startup.VersionLoggerListener.log Server version number: 9.0.89.0
09-May-2024 19:01:55.279 INFO [main] org.apache.catalina.startup.VersionLoggerListener.log OS Name:               Windows 10
09-May-2024 19:01:55.280 INFO [main] org.apache.catalina.startup.VersionLoggerListener.log OS Version:            10.0
09-May-2024 19:01:55.280 INFO [main] org.apache.catalina.startup.VersionLoggerListener.log Architecture:          amd64
09-May-2024 19:01:55.280 INFO [main] org.apache.catalina.startup.VersionLoggerListener.log Java Home:             C:\Program Files\Java\jdk-22
09-May-2024 19:01:55.280 INFO [main] org.apache.catalina.startup.VersionLoggerListener.log JVM Version:           22.0.1+8-16
09-May-2024 19:01:55.280 INFO [main] org.apache.catalina.startup.VersionLoggerListener.log JVM Vendor:            Oracle Corporation
09-May-2024 19:01:55.281 INFO [main] org.apache.catalina.startup.VersionLoggerListener.log CATALINA_BASE:         C:\Users\ASUS\IdeaProjects\HtmlAndDb
09-May-2024 19:01:55.281 INFO [main] org.apache.catalina.startup.VersionLoggerListener.log CATALINA_HOME:         C:\Users\ASUS\Downloads\apache-tomcat-9.0.89
09-May-2024 19:01:55.292 INFO [main] org.apache.catalina.startup.VersionLoggerListener.log Command line argument: --add-opens=java.base/java.lang=ALL-UNNAMED
09-May-2024 19:01:55.292 INFO [main] org.apache.catalina.startup.VersionLoggerListener.log Command line argument: --add-opens=java.base/java.io=ALL-UNNAMED
09-May-2024 19:01:55.292 INFO [main] org.apache.catalina.startup.VersionLoggerListener.log Command line argument: --add-opens=java.base/java.util=ALL-UNNAMED
09-May-2024 19:01:55.292 INFO [main] org.apache.catalina.startup.VersionLoggerListener.log Command line argument: --add-opens=java.base/java.util.concurrent=ALL-UNNAMED
09-May-2024 19:01:55.292 INFO [main] org.apache.catalina.startup.VersionLoggerListener.log Command line argument: --add-opens=java.rmi/sun.rmi.transport=ALL-UNNAMED
09-May-2024 19:01:55.293 INFO [main] org.apache.catalina.startup.VersionLoggerListener.log Command line argument: -Dcatalina.home=C:\Users\ASUS\Downloads\apache-tomcat-9.0.89
09-May-2024 19:01:55.293 INFO [main] org.apache.catalina.startup.VersionLoggerListener.log Command line argument: -Dcatalina.base=C:\Users\ASUS\IdeaProjects\HtmlAndDb
09-May-2024 19:01:55.293 INFO [main] org.apache.catalina.startup.VersionLoggerListener.log Command line argument: -Djava.io.tmpdir=C:\Users\ASUS\IdeaProjects\HtmlAndDb\temp
09-May-2024 19:01:55.293 INFO [main] org.apache.catalina.startup.VersionLoggerListener.log Command line argument: -Djava.util.logging.config.file=C:\Users\ASUS\IdeaProjects\HtmlAndDb\conf\logging.properties
09-May-2024 19:01:55.293 INFO [main] org.apache.catalina.startup.VersionLoggerListener.log Command line argument: -Djava.util.logging.manager=org.apache.juli.ClassLoaderLogManager
09-May-2024 19:01:55.293 INFO [main] org.apache.catalina.startup.VersionLoggerListener.log Command line argument: -javaagent:C:\Program Files\JetBrains\IntelliJ IDEA Community Edition 2024.1.1\lib\idea_rt.jar=60680:C:\Program Files\JetBrains\IntelliJ IDEA Community Edition 2024.1.1\bin
09-May-2024 19:01:55.293 INFO [main] org.apache.catalina.startup.VersionLoggerListener.log Command line argument: -Dfile.encoding=UTF-8
09-May-2024 19:01:55.293 INFO [main] org.apache.catalina.startup.VersionLoggerListener.log Command line argument: -Dsun.stdout.encoding=UTF-8
09-May-2024 19:01:55.293 INFO [main] org.apache.catalina.startup.VersionLoggerListener.log Command line argument: -Dsun.stderr.encoding=UTF-8
09-May-2024 19:01:55.298 INFO [main] org.apache.catalina.core.AprLifecycleListener.lifecycleEvent Loaded Apache Tomcat Native library [1.3.0] using APR version [1.7.4].
09-May-2024 19:01:55.298 INFO [main] org.apache.catalina.core.AprLifecycleListener.lifecycleEvent APR capabilities: IPv6 [true], sendfile [true], accept filters [false], random [true], UDS [true].
09-May-2024 19:01:55.298 INFO [main] org.apache.catalina.core.AprLifecycleListener.lifecycleEvent APR/OpenSSL configuration: useAprConnector [false], useOpenSSL [true]
09-May-2024 19:01:55.306 INFO [main] org.apache.catalina.core.AprLifecycleListener.initializeSSL OpenSSL successfully initialized [OpenSSL 3.0.13 30 Jan 2024]
09-May-2024 19:01:55.834 INFO [main] org.apache.coyote.AbstractProtocol.init Initializing ProtocolHandler ["http-nio-8080"]
09-May-2024 19:01:55.857 INFO [main] org.apache.catalina.startup.Catalina.load Server initialization in [900] milliseconds
09-May-2024 19:01:55.917 INFO [main] org.apache.catalina.core.StandardService.startInternal Starting service [Catalina]
09-May-2024 19:01:55.919 INFO [main] org.apache.catalina.core.StandardEngine.startInternal Starting Servlet engine: [Apache Tomcat/9.0.89]
09-May-2024 19:01:55.929 INFO [main] org.apache.catalina.startup.HostConfig.deployDescriptor Deploying deployment descriptor [C:\Users\ASUS\IdeaProjects\HtmlAndDb\conf\Catalina\localhost\HtmlAndDb.xml]
09-May-2024 19:01:57.141 INFO [main] org.apache.jasper.servlet.TldScanner.scanJars At least one JAR was scanned for TLDs yet contained no TLDs. Enable debug logging for this logger for a complete list of JARs that were scanned but no TLDs were found in them. Skipping unneeded JARs during scanning can improve startup time and JSP compilation time.
09-May-2024 19:01:57.213 INFO [main] org.apache.catalina.startup.HostConfig.deployDescriptor Deployment of deployment descriptor [C:\Users\ASUS\IdeaProjects\HtmlAndDb\conf\Catalina\localhost\HtmlAndDb.xml] has finished in [1,283] ms
09-May-2024 19:01:57.218 INFO [main] org.apache.coyote.AbstractProtocol.start Starting ProtocolHandler ["http-nio-8080"]
09-May-2024 19:01:57.251 INFO [main] org.apache.catalina.startup.Catalina.start Server startup in [1391] milliseconds
09-May-2024 19:07:37.887 INFO [Thread-1] org.apache.coyote.AbstractProtocol.pause Pausing ProtocolHandler ["http-nio-8080"]
09-May-2024 19:07:37.891 INFO [Thread-1] org.apache.catalina.core.StandardService.stopInternal Stopping service [Catalina]
09-May-2024 19:07:37.900 WARNING [Thread-1] org.apache.catalina.loader.WebappClassLoaderBase.clearReferencesJdbc The web application [HtmlAndDb] registered the JDBC driver [com.mysql.cj.jdbc.Driver] but failed to unregister it when the web application was stopped. To prevent a memory leak, the JDBC Driver has been forcibly unregistered.
09-May-2024 19:07:37.901 WARNING [Thread-1] org.apache.catalina.loader.WebappClassLoaderBase.clearReferencesJdbc The web application [HtmlAndDb] registered the JDBC driver [com.mysql.cj.jdbc.Driver] but failed to unregister it when the web application was stopped. To prevent a memory leak, the JDBC Driver has been forcibly unregistered.
09-May-2024 19:07:37.901 WARNING [Thread-1] org.apache.catalina.loader.WebappClassLoaderBase.clearReferencesJdbc The web application [HtmlAndDb] registered the JDBC driver [com.mysql.cj.jdbc.Driver] but failed to unregister it when the web application was stopped. To prevent a memory leak, the JDBC Driver has been forcibly unregistered.
09-May-2024 19:07:37.902 WARNING [Thread-1] org.apache.catalina.loader.WebappClassLoaderBase.clearReferencesThreads The web application [HtmlAndDb] appears to have started a thread named [mysql-cj-abandoned-connection-cleanup] but has failed to stop it. This is very likely to create a memory leak. Stack trace of thread:
 java.base/jdk.internal.misc.Unsafe.park(Native Method)
 java.base/java.util.concurrent.locks.LockSupport.parkNanos(LockSupport.java:269)
 java.base/java.util.concurrent.locks.AbstractQueuedSynchronizer$ConditionObject.await(AbstractQueuedSynchronizer.java:1847)
 java.base/java.lang.ref.ReferenceQueue.await(ReferenceQueue.java:71)
 java.base/java.lang.ref.ReferenceQueue.remove0(ReferenceQueue.java:143)
 java.base/java.lang.ref.ReferenceQueue.remove(ReferenceQueue.java:218)
 com.mysql.cj.jdbc.AbandonedConnectionCleanupThread.run(AbandonedConnectionCleanupThread.java:91)
 java.base/java.util.concurrent.ThreadPoolExecutor.runWorker(ThreadPoolExecutor.java:1144)
 java.base/java.util.concurrent.ThreadPoolExecutor$Worker.run(ThreadPoolExecutor.java:642)
 java.base/java.lang.Thread.run(Thread.java:1570)
09-May-2024 19:07:37.912 INFO [Thread-1] org.apache.coyote.AbstractProtocol.stop Stopping ProtocolHandler ["http-nio-8080"]
09-May-2024 19:07:37.927 INFO [Thread-1] org.apache.coyote.AbstractProtocol.destroy Destroying ProtocolHandler ["http-nio-8080"]
